Using pre-set license
Built from '2022.3/release' branch; Version is '2022.3.18f1 (d29bea25151d) revision 13802474'; Using compiler version '192829333'; Build Type 'Release'
OS: 'Windows 10  (10.0.19045) 64bit Education' Language: 'pt' Physical Memory: 16068 MB
BatchMode: 1, IsHumanControllingUs: 0, StartBugReporterOnCrash: 0, Is64bit: 1, IsPro: 1

COMMAND LINE ARGUMENTS:
C:\Program Files\Unity\Hub\Editor\2022.3.18f1\Editor\Unity.exe
-adb2
-batchMode
-noUpm
-name
AssetImportWorker3
-projectPath
C:/Users/jean.goetten/Downloads/Graviflux-add-main/Graviflux-add-main
-logFile
Logs/AssetImportWorker3.log
-srvPort
63760
Successfully changed project path to: C:/Users/jean.goetten/Downloads/Graviflux-add-main/Graviflux-add-main
C:/Users/jean.goetten/Downloads/Graviflux-add-main/Graviflux-add-main
received signal from system: SIGSEGV
Obtained 22 stack frames
0x00007ff6f58983dd (Unity) 
0x00007ff6f589d4a9 (Unity) StackWalker::ShowCallstack
0x00007ff6f6870021 (Unity) GetStacktrace
0x00007ff6f589c8f6 (Unity) winutils::PrintStackTrace
0x00007ff6f5897c0c (Unity) winutils::CrashHandler::DefaultSignalHandler
0x00007ff6f7cb4858 (Unity) seh_filter_exe
0x00007ff6f7d7be18 (Unity) `__scrt_common_main_seh'::`1'::filt$0
0x00007ff6f7c7e1f0 (Unity) _C_specific_handler
0x00007fffd92b23af (ntdll) 
0x00007fffd92614b4 (ntdll) 
0x00007fffd92b0ebe (ntdll) 
0x00007ff6f50a552a (Unity) DynamicHeapAllocator::InitializeMemoryRegion
0x00007ff6f50a04e0 (Unity) DynamicHeapAllocator::CreateTLSFBlock
0x00007ff6f509f018 (Unity) DynamicHeapAllocator::Allocate
0x00007ff6f50ac94f (Unity) DualThreadAllocator<DynamicHeapAllocator>::DualThreadAllocator<DynamicHeapAllocator>
0x00007ff6f50a3dcd (Unity) MemoryManager::InitializeDefaultAllocators
0x00007ff6f50a5786 (Unity) MemoryManager::LateStaticInitialize
0x00007ff6f63f11b8 (Unity) Application::InitializeProject
0x00007ff6f687be95 (Unity) WinMain
0x00007ff6f7c5bb6e (Unity) __scrt_common_main_seh
0x00007fffd9127344 (KERNEL32) 
0x00007fffd92626b1 (ntdll) 

